<?xml version="1.0" encoding="UTF-8"?>
<testng-results ignored="0" total="1" passed="1" failed="0" skipped="0">
  <reporter-output>
  </reporter-output>
  <suite started-at="2022-12-10T11:31:04 IST" name="JenkinsIntegrated" finished-at="2022-12-10T11:31:38 IST" duration-ms="34175">
    <groups>
    </groups>
    <test started-at="2022-12-10T11:31:04 IST" name="Test" finished-at="2022-12-10T11:31:38 IST" duration-ms="34175">
      <class name="com.TestClass.loginTest">
        <test-method signature="Login()[pri:0, instance:com.TestClass.loginTest@66d23e4a]" started-at="2022-12-10T11:31:04 IST" name="Login" finished-at="2022-12-10T11:31:38 IST" duration-ms="34094" status="PASS">
          <reporter-output>
          </reporter-output>
        </test-method> <!-- Login -->
      </class> <!-- com.TestClass.loginTest -->
    </test> <!-- Test -->
  </suite> <!-- JenkinsIntegrated -->
</testng-results>
