<?xml version="1.0" encoding="UTF-8"?>
<testng-results ignored="0" total="1" passed="1" failed="0" skipped="0">
  <reporter-output>
  </reporter-output>
  <suite started-at="2022-12-10T09:15:24 IST" name="Default suite" finished-at="2022-12-10T09:16:03 IST" duration-ms="39001">
    <groups>
    </groups>
    <test started-at="2022-12-10T09:15:24 IST" name="Default test" finished-at="2022-12-10T09:16:03 IST" duration-ms="39001">
      <class name="com.TestClass.loginTest">
        <test-method signature="Login()[pri:0, instance:com.TestClass.loginTest@66d23e4a]" started-at="2022-12-10T09:15:24 IST" name="Login" finished-at="2022-12-10T09:16:03 IST" duration-ms="38942" status="PASS">
          <reporter-output>
          </reporter-output>
        </test-method> <!-- Login -->
      </class> <!-- com.TestClass.loginTest -->
    </test> <!-- Default test -->
  </suite> <!-- Default suite -->
</testng-results>
